  [1m[35m (23.7ms)[0m  [1m[35mCREATE TABLE "schema_migrations" ("version" character varying PRIMARY KEY)[0m
  [1m[35m (9.0ms)[0m  [1m[35mCREATE TABLE "ar_internal_metadata" ("key" character varying PRIMARY KEY, "value" character varying, "created_at" timestamp NOT NULL, "updated_at" timestamp NOT NULL)[0m
  [1m[35m (0.7ms)[0m  [1m[34mSELECT pg_try_advisory_lock(7381167824530102995);[0m
  [1m[36mActiveRecord::SchemaMigration Load (0.6ms)[0m  [1m[34mSELECT "schema_migrations".* FROM "schema_migrations"[0m
Migrating to CreateUsers (20170216121219)
  [1m[35m (0.2ms)[0m  [1m[35mBEGIN[0m
  [1m[35m (9.0ms)[0m  [1m[35mCREATE TABLE "users" ("id" serial primary key, "email" character varying, "password_digest" character varying, "created_at" timestamp NOT NULL, "updated_at" timestamp NOT NULL)[0m
  [1m[35mSQL (0.9ms)[0m  [1m[32mINSERT INTO "schema_migrations" ("version") VALUES ($1) RETURNING "version"[0m  [["version", "20170216121219"]]
  [1m[35m (1.6ms)[0m  [1m[35mCOMMIT[0m
  [1m[36mActiveRecord::InternalMetadata Load (0.4ms)[0m  [1m[34mSELECT  "ar_internal_metadata".* FROM "ar_internal_metadata" WHERE "ar_internal_metadata"."key" = $1 LIMIT $2[0m  [["key", :environment], ["LIMIT", 1]]
  [1m[35m (0.2ms)[0m  [1m[35mBEGIN[0m
  [1m[35mSQL (1.8ms)[0m  [1m[32mINSERT INTO "ar_internal_metadata" ("key", "value", "created_at", "updated_at") VALUES ($1, $2, $3, $4) RETURNING "key"[0m  [["key", "environment"], ["value", "development"], ["created_at", 2017-02-16 12:37:30 UTC], ["updated_at", 2017-02-16 12:37:30 UTC]]
  [1m[35m (1.2ms)[0m  [1m[35mCOMMIT[0m
  [1m[35m (0.3ms)[0m  [1m[34mSELECT pg_advisory_unlock(7381167824530102995)[0m
  [1m[36mActiveRecord::SchemaMigration Load (1.4ms)[0m  [1m[34mSELECT "schema_migrations".* FROM "schema_migrations"[0m
Started POST "/register" for 127.0.0.1 at 2017-02-16 12:40:31 +0000
  [1m[36mActiveRecord::SchemaMigration Load (0.6ms)[0m  [1m[34mSELECT "schema_migrations".* FROM "schema_migrations"[0m
Processing by AuthenticationsController#register as */*
  Parameters: {"email"=>"admin@admin.com", "password"=>"[FILTERED]", "password_confirmation"=>"[FILTERED]", "authentication"=>{"email"=>"admin@admin.com", "password"=>"[FILTERED]", "password_confirmation"=>"[FILTERED]"}}
Completed 500 Internal Server Error in 8ms (ActiveRecord: 0.0ms)


  
ArgumentError (Unknown validator: 'PrescenceValidator'):
  
app/models/user.rb:3:in `<class:User>'
app/models/user.rb:1:in `<top (required)>'
app/controllers/authentications_controller.rb:5:in `register'
Started POST "/register" for 127.0.0.1 at 2017-02-16 12:40:59 +0000
Processing by AuthenticationsController#register as */*
  Parameters: {"email"=>"admin@admin.com", "password"=>"[FILTERED]", "password_confirmation"=>"[FILTERED]", "authentication"=>{"email"=>"admin@admin.com", "password"=>"[FILTERED]", "password_confirmation"=>"[FILTERED]"}}
DEPRECATION WARNING: Method to_hash is deprecated and will be removed in Rails 5.1, as `ActionController::Parameters` no longer inherits from hash. Using this deprecated behavior exposes potential security problems. If you continue to use this method you may be creating a security vulnerability in your app that can be exploited. Instead, consider using one of these documented methods which are not deprecated: http://api.rubyonrails.org/v5.0.1/classes/ActionController/Parameters.html (called from merge! at /Users/DavinderKaur/development/WDI_PROJECT_4_API/app/controllers/authentications_controller.rb:27)
  [1m[35m (0.2ms)[0m  [1m[35mBEGIN[0m
  [1m[36mUser Exists (2.9ms)[0m  [1m[34mSELECT  1 AS one FROM "users" WHERE "users"."email" = $1 LIMIT $2[0m  [["email", "admin@admin.com"], ["LIMIT", 1]]
  [1m[35mSQL (3.9ms)[0m  [1m[32mINSERT INTO "users" ("email", "password_digest", "created_at", "updated_at") VALUES ($1, $2, $3, $4) RETURNING "id"[0m  [["email", "admin@admin.com"], ["password_digest", "$2a$10$JZeduKodf0mUVOOHoLGNS.SzBUnMa3tFN3mqzRQ/BCcdT/KUAiE/W"], ["created_at", 2017-02-16 12:41:09 UTC], ["updated_at", 2017-02-16 12:41:09 UTC]]
  [1m[35m (2.2ms)[0m  [1m[35mCOMMIT[0m
[active_model_serializers] Rendered ActiveModel::Serializer::Null with Hash (13.45ms)
Completed 200 OK in 174ms (Views: 21.4ms | ActiveRecord: 14.8ms)


Started POST "/login" for 127.0.0.1 at 2017-02-16 12:41:36 +0000
Processing by AuthenticationsController#login as */*
  Parameters: {"email"=>"admin@admin.com", "password"=>"[FILTERED]", "authentication"=>{"email"=>"admin@admin.com", "password"=>"[FILTERED]"}}
  [1m[36mUser Load (1.9ms)[0m  [1m[34mSELECT  "users".* FROM "users" WHERE "users"."email" = $1 LIMIT $2[0m  [["email", "admin@admin.com"], ["LIMIT", 1]]
[active_model_serializers] Rendered ActiveModel::Serializer::Null with Hash (0.27ms)
Completed 200 OK in 91ms (Views: 0.8ms | ActiveRecord: 2.1ms)


Started POST "/register" for 127.0.0.1 at 2017-02-17 17:47:45 +0000
  [1m[36mActiveRecord::SchemaMigration Load (2.6ms)[0m  [1m[34mSELECT "schema_migrations".* FROM "schema_migrations"[0m
Processing by AuthenticationsController#register as HTML
  Parameters: {"email"=>"sarah@sarah.com", "password"=>"[FILTERED]", "password_confirmation"=>"[FILTERED]", "authentication"=>{"email"=>"sarah@sarah.com", "password"=>"[FILTERED]", "password_confirmation"=>"[FILTERED]"}}
DEPRECATION WARNING: Method to_hash is deprecated and will be removed in Rails 5.1, as `ActionController::Parameters` no longer inherits from hash. Using this deprecated behavior exposes potential security problems. If you continue to use this method you may be creating a security vulnerability in your app that can be exploited. Instead, consider using one of these documented methods which are not deprecated: http://api.rubyonrails.org/v5.0.1/classes/ActionController/Parameters.html (called from merge! at /Users/DavinderKaur/development/WDI_PROJECT_4_API/app/controllers/authentications_controller.rb:27)
  [1m[35m (1.3ms)[0m  [1m[35mBEGIN[0m
  [1m[36mUser Exists (1.2ms)[0m  [1m[34mSELECT  1 AS one FROM "users" WHERE "users"."email" = $1 LIMIT $2[0m  [["email", "sarah@sarah.com"], ["LIMIT", 1]]
  [1m[35mSQL (6.8ms)[0m  [1m[32mINSERT INTO "users" ("email", "password_digest", "created_at", "updated_at") VALUES ($1, $2, $3, $4) RETURNING "id"[0m  [["email", "sarah@sarah.com"], ["password_digest", "$2a$10$DMwba8gBzugnWhvdYkIGfOVPkI9d45gtF9nvxuHACVbIxYHz5Wyky"], ["created_at", 2017-02-17 17:47:46 UTC], ["updated_at", 2017-02-17 17:47:46 UTC]]
  [1m[35m (1.8ms)[0m  [1m[35mCOMMIT[0m
[active_model_serializers] Rendered ActiveModel::Serializer::Null with Hash (12.14ms)
Completed 200 OK in 170ms (Views: 18.0ms | ActiveRecord: 22.6ms)


Started POST "/register" for 127.0.0.1 at 2017-02-17 17:49:39 +0000
Processing by AuthenticationsController#register as */*
  Parameters: {"email"=>"sarah@sarah.com", "password"=>"[FILTERED]", "password_confirmation"=>"[FILTERED]", "authentication"=>{"email"=>"sarah@sarah.com", "password"=>"[FILTERED]", "password_confirmation"=>"[FILTERED]"}}
DEPRECATION WARNING: Method to_hash is deprecated and will be removed in Rails 5.1, as `ActionController::Parameters` no longer inherits from hash. Using this deprecated behavior exposes potential security problems. If you continue to use this method you may be creating a security vulnerability in your app that can be exploited. Instead, consider using one of these documented methods which are not deprecated: http://api.rubyonrails.org/v5.0.1/classes/ActionController/Parameters.html (called from merge! at /Users/DavinderKaur/development/WDI_PROJECT_4_API/app/controllers/authentications_controller.rb:27)
  [1m[35m (0.2ms)[0m  [1m[35mBEGIN[0m
  [1m[36mUser Exists (1.7ms)[0m  [1m[34mSELECT  1 AS one FROM "users" WHERE "users"."email" = $1 LIMIT $2[0m  [["email", "sarah@sarah.com"], ["LIMIT", 1]]
  [1m[35m (0.3ms)[0m  [1m[31mROLLBACK[0m
[active_model_serializers] Rendered ActiveModel::Serializer::Null with Hash (0.08ms)
Completed 422 Unprocessable Entity in 97ms (Views: 0.5ms | ActiveRecord: 2.3ms)


Started POST "/login" for 127.0.0.1 at 2017-02-17 17:49:48 +0000
Processing by AuthenticationsController#login as */*
  Parameters: {"email"=>"sarah@sarah.com", "password"=>"[FILTERED]", "authentication"=>{"email"=>"sarah@sarah.com", "password"=>"[FILTERED]"}}
  [1m[36mUser Load (1.8ms)[0m  [1m[34mSELECT  "users".* FROM "users" WHERE "users"."email" = $1 LIMIT $2[0m  [["email", "sarah@sarah.com"], ["LIMIT", 1]]
[active_model_serializers] Rendered ActiveModel::Serializer::Null with Hash (0.17ms)
Completed 200 OK in 89ms (Views: 1.1ms | ActiveRecord: 3.5ms)


Started POST "/login" for 127.0.0.1 at 2017-02-17 17:55:06 +0000
Processing by AuthenticationsController#login as HTML
  Parameters: {"email"=>"sarah@sarah", "password"=>"[FILTERED]", "authentication"=>{"email"=>"sarah@sarah", "password"=>"[FILTERED]"}}
  [1m[36mUser Load (0.4ms)[0m  [1m[34mSELECT  "users".* FROM "users" WHERE "users"."email" = $1 LIMIT $2[0m  [["email", "sarah@sarah"], ["LIMIT", 1]]
[active_model_serializers] Rendered ActiveModel::Serializer::Null with Hash (0.09ms)
Completed 401 Unauthorized in 2ms (Views: 0.6ms | ActiveRecord: 0.4ms)


Started POST "/login" for 127.0.0.1 at 2017-02-17 17:55:33 +0000
Processing by AuthenticationsController#login as HTML
  Parameters: {"email"=>"sarah@sarah.com", "password"=>"[FILTERED]", "authentication"=>{"email"=>"sarah@sarah.com", "password"=>"[FILTERED]"}}
  [1m[36mUser Load (0.4ms)[0m  [1m[34mSELECT  "users".* FROM "users" WHERE "users"."email" = $1 LIMIT $2[0m  [["email", "sarah@sarah.com"], ["LIMIT", 1]]
[active_model_serializers] Rendered ActiveModel::Serializer::Null with Hash (0.28ms)
Completed 200 OK in 77ms (Views: 0.7ms | ActiveRecord: 0.4ms)


Started POST "/login" for 127.0.0.1 at 2017-02-17 17:55:49 +0000
Processing by AuthenticationsController#login as HTML
  Parameters: {"email"=>"sarah@sarah.com", "password"=>"[FILTERED]", "authentication"=>{"email"=>"sarah@sarah.com", "password"=>"[FILTERED]"}}
  [1m[36mUser Load (0.4ms)[0m  [1m[34mSELECT  "users".* FROM "users" WHERE "users"."email" = $1 LIMIT $2[0m  [["email", "sarah@sarah.com"], ["LIMIT", 1]]
[active_model_serializers] Rendered ActiveModel::Serializer::Null with Hash (0.12ms)
Completed 200 OK in 82ms (Views: 0.5ms | ActiveRecord: 0.4ms)


Started POST "/login" for 127.0.0.1 at 2017-02-17 17:55:52 +0000
Processing by AuthenticationsController#login as HTML
  Parameters: {"email"=>"sarah@sarah.com", "password"=>"[FILTERED]", "authentication"=>{"email"=>"sarah@sarah.com", "password"=>"[FILTERED]"}}
  [1m[36mUser Load (0.4ms)[0m  [1m[34mSELECT  "users".* FROM "users" WHERE "users"."email" = $1 LIMIT $2[0m  [["email", "sarah@sarah.com"], ["LIMIT", 1]]
[active_model_serializers] Rendered ActiveModel::Serializer::Null with Hash (0.23ms)
Completed 200 OK in 78ms (Views: 0.8ms | ActiveRecord: 0.4ms)


Started POST "/login" for 127.0.0.1 at 2017-02-17 17:55:54 +0000
Processing by AuthenticationsController#login as HTML
  Parameters: {"email"=>"sarah@sarah.com", "password"=>"[FILTERED]", "authentication"=>{"email"=>"sarah@sarah.com", "password"=>"[FILTERED]"}}
  [1m[36mUser Load (0.3ms)[0m  [1m[34mSELECT  "users".* FROM "users" WHERE "users"."email" = $1 LIMIT $2[0m  [["email", "sarah@sarah.com"], ["LIMIT", 1]]
[active_model_serializers] Rendered ActiveModel::Serializer::Null with Hash (0.14ms)
Completed 200 OK in 78ms (Views: 0.8ms | ActiveRecord: 0.3ms)


Started POST "/login" for 127.0.0.1 at 2017-02-17 17:55:54 +0000
Processing by AuthenticationsController#login as HTML
  Parameters: {"email"=>"sarah@sarah.com", "password"=>"[FILTERED]", "authentication"=>{"email"=>"sarah@sarah.com", "password"=>"[FILTERED]"}}
  [1m[36mUser Load (0.2ms)[0m  [1m[34mSELECT  "users".* FROM "users" WHERE "users"."email" = $1 LIMIT $2[0m  [["email", "sarah@sarah.com"], ["LIMIT", 1]]
[active_model_serializers] Rendered ActiveModel::Serializer::Null with Hash (0.12ms)
Completed 200 OK in 75ms (Views: 0.5ms | ActiveRecord: 0.2ms)


Started POST "/login" for 127.0.0.1 at 2017-02-17 17:55:55 +0000
Processing by AuthenticationsController#login as HTML
  Parameters: {"email"=>"sarah@sarah.com", "password"=>"[FILTERED]", "authentication"=>{"email"=>"sarah@sarah.com", "password"=>"[FILTERED]"}}
  [1m[36mUser Load (0.3ms)[0m  [1m[34mSELECT  "users".* FROM "users" WHERE "users"."email" = $1 LIMIT $2[0m  [["email", "sarah@sarah.com"], ["LIMIT", 1]]
[active_model_serializers] Rendered ActiveModel::Serializer::Null with Hash (0.14ms)
Completed 200 OK in 76ms (Views: 0.6ms | ActiveRecord: 0.3ms)


Started POST "/login" for 127.0.0.1 at 2017-02-17 17:57:05 +0000
Processing by AuthenticationsController#login as HTML
  Parameters: {"email"=>"sarah@sarah.com", "password"=>"[FILTERED]", "authentication"=>{"email"=>"sarah@sarah.com", "password"=>"[FILTERED]"}}
  [1m[36mUser Load (1.0ms)[0m  [1m[34mSELECT  "users".* FROM "users" WHERE "users"."email" = $1 LIMIT $2[0m  [["email", "sarah@sarah.com"], ["LIMIT", 1]]
[active_model_serializers] Rendered ActiveModel::Serializer::Null with Hash (0.2ms)
Completed 200 OK in 82ms (Views: 0.8ms | ActiveRecord: 1.0ms)


  [1m[35m (2.3ms)[0m  [1m[34mSELECT pg_try_advisory_lock(7381167824530102995);[0m
  [1m[36mActiveRecord::SchemaMigration Load (0.7ms)[0m  [1m[34mSELECT "schema_migrations".* FROM "schema_migrations"[0m
Migrating to AddDetailsToUsers (20170218140330)
  [1m[35m (0.3ms)[0m  [1m[35mBEGIN[0m
  [1m[35m (7.3ms)[0m  [1m[35mALTER TABLE "users" ADD "alias" character varying[0m
  [1m[35m (0.4ms)[0m  [1m[35mALTER TABLE "users" ADD "sector" character varying[0m
  [1m[35m (0.4ms)[0m  [1m[35mALTER TABLE "users" ADD "city" character varying[0m
  [1m[35mSQL (1.8ms)[0m  [1m[32mINSERT INTO "schema_migrations" ("version") VALUES ($1) RETURNING "version"[0m  [["version", "20170218140330"]]
  [1m[35m (1.4ms)[0m  [1m[35mCOMMIT[0m
  [1m[36mActiveRecord::InternalMetadata Load (0.5ms)[0m  [1m[34mSELECT  "ar_internal_metadata".* FROM "ar_internal_metadata" WHERE "ar_internal_metadata"."key" = $1 LIMIT $2[0m  [["key", :environment], ["LIMIT", 1]]
  [1m[35m (0.2ms)[0m  [1m[35mBEGIN[0m
  [1m[35m (0.1ms)[0m  [1m[35mCOMMIT[0m
  [1m[35m (0.3ms)[0m  [1m[34mSELECT pg_advisory_unlock(7381167824530102995)[0m
  [1m[36mActiveRecord::SchemaMigration Load (0.3ms)[0m  [1m[34mSELECT "schema_migrations".* FROM "schema_migrations"[0m
  [1m[35m (0.4ms)[0m  [1m[34mSELECT pg_try_advisory_lock(7381167824530102995);[0m
  [1m[36mActiveRecord::SchemaMigration Load (3.8ms)[0m  [1m[34mSELECT "schema_migrations".* FROM "schema_migrations"[0m
Migrating to CreateMessages (20170220100637)
  [1m[35m (0.3ms)[0m  [1m[35mBEGIN[0m
  [1m[35m (42.7ms)[0m  [1m[35mCREATE TABLE "messages" ("id" serial primary key, "toUser_id" integer, "fromUser_id" integer, "category" character varying, "messageText" text, "created_at" timestamp NOT NULL, "updated_at" timestamp NOT NULL, CONSTRAINT "fk_rails_a07dfbfb46"
FOREIGN KEY ("toUser_id")
  REFERENCES "toUsers" ("id")
, CONSTRAINT "fk_rails_d2991369c5"
FOREIGN KEY ("fromUser_id")
  REFERENCES "fromUsers" ("id")
)[0m
  [1m[35m (0.2ms)[0m  [1m[31mROLLBACK[0m
  [1m[35m (0.3ms)[0m  [1m[34mSELECT pg_advisory_unlock(7381167824530102995)[0m
  [1m[35m (0.2ms)[0m  [1m[34mSELECT pg_try_advisory_lock(7381167824530102995);[0m
  [1m[36mActiveRecord::SchemaMigration Load (0.7ms)[0m  [1m[34mSELECT "schema_migrations".* FROM "schema_migrations"[0m
Migrating to CreateMessages (20170220101320)
  [1m[35m (0.2ms)[0m  [1m[35mBEGIN[0m
  [1m[35m (14.0ms)[0m  [1m[35mCREATE TABLE "messages" ("id" serial primary key, "to_user_id" integer, "from_user_id" integer, "category" character varying, "messageText" text, "created_at" timestamp NOT NULL, "updated_at" timestamp NOT NULL, CONSTRAINT "fk_rails_928a81e01d"
FOREIGN KEY ("to_user_id")
  REFERENCES "to_users" ("id")
, CONSTRAINT "fk_rails_b9723134d3"
FOREIGN KEY ("from_user_id")
  REFERENCES "from_users" ("id")
)[0m
  [1m[35m (0.2ms)[0m  [1m[31mROLLBACK[0m
  [1m[35m (0.3ms)[0m  [1m[34mSELECT pg_advisory_unlock(7381167824530102995)[0m
  [1m[35m (0.3ms)[0m  [1m[34mSELECT pg_try_advisory_lock(7381167824530102995);[0m
  [1m[36mActiveRecord::SchemaMigration Load (0.8ms)[0m  [1m[34mSELECT "schema_migrations".* FROM "schema_migrations"[0m
Migrating to CreateMessages (20170220102923)
  [1m[35m (0.2ms)[0m  [1m[35mBEGIN[0m
  [1m[35m (15.1ms)[0m  [1m[35mCREATE TABLE "messages" ("id" serial primary key, "category" character varying, "messageText" text, "sender_id" integer, "receiver_id" integer, "created_at" timestamp NOT NULL, "updated_at" timestamp NOT NULL)[0m
  [1m[35mSQL (2.8ms)[0m  [1m[32mINSERT INTO "schema_migrations" ("version") VALUES ($1) RETURNING "version"[0m  [["version", "20170220102923"]]
  [1m[35m (1.6ms)[0m  [1m[35mCOMMIT[0m
  [1m[36mActiveRecord::InternalMetadata Load (2.1ms)[0m  [1m[34mSELECT  "ar_internal_metadata".* FROM "ar_internal_metadata" WHERE "ar_internal_metadata"."key" = $1 LIMIT $2[0m  [["key", :environment], ["LIMIT", 1]]
  [1m[35m (0.2ms)[0m  [1m[35mBEGIN[0m
  [1m[35m (0.2ms)[0m  [1m[35mCOMMIT[0m
  [1m[35m (0.3ms)[0m  [1m[34mSELECT pg_advisory_unlock(7381167824530102995)[0m
  [1m[36mActiveRecord::SchemaMigration Load (0.3ms)[0m  [1m[34mSELECT "schema_migrations".* FROM "schema_migrations"[0m
  [1m[35m (0.2ms)[0m  [1m[34mSELECT pg_try_advisory_lock(7381167824530102995);[0m
  [1m[36mActiveRecord::SchemaMigration Load (0.5ms)[0m  [1m[34mSELECT "schema_migrations".* FROM "schema_migrations"[0m
Migrating to DropMessages (20170220103410)
  [1m[35m (0.2ms)[0m  [1m[35mBEGIN[0m
  [1m[35m (12.2ms)[0m  [1m[35mDROP TABLE "messages"[0m
  [1m[35mSQL (0.5ms)[0m  [1m[32mINSERT INTO "schema_migrations" ("version") VALUES ($1) RETURNING "version"[0m  [["version", "20170220103410"]]
  [1m[35m (2.3ms)[0m  [1m[35mCOMMIT[0m
  [1m[36mActiveRecord::InternalMetadata Load (0.5ms)[0m  [1m[34mSELECT  "ar_internal_metadata".* FROM "ar_internal_metadata" WHERE "ar_internal_metadata"."key" = $1 LIMIT $2[0m  [["key", :environment], ["LIMIT", 1]]
  [1m[35m (0.2ms)[0m  [1m[35mBEGIN[0m
  [1m[35m (0.2ms)[0m  [1m[35mCOMMIT[0m
  [1m[35m (0.3ms)[0m  [1m[34mSELECT pg_advisory_unlock(7381167824530102995)[0m
  [1m[36mActiveRecord::SchemaMigration Load (0.5ms)[0m  [1m[34mSELECT "schema_migrations".* FROM "schema_migrations"[0m
Started POST "/login" for 127.0.0.1 at 2017-02-20 10:35:32 +0000
  [1m[36mActiveRecord::SchemaMigration Load (0.7ms)[0m  [1m[34mSELECT "schema_migrations".* FROM "schema_migrations"[0m
Processing by AuthenticationsController#login as */*
  Parameters: {"email"=>"sarah@sarah.com", "password"=>"[FILTERED]", "authentication"=>{"email"=>"sarah@sarah.com", "password"=>"[FILTERED]"}}
Completed 500 Internal Server Error in 4ms (ActiveRecord: 0.0ms)


  
SyntaxError (/Users/DavinderKaur/development/WDI_PROJECT_4_API/app/models/user.rb:4: syntax error, unexpected tSYMBEG, expecting keyword_do or '{' or '('
  validates :alias, presence: true, uniqueness: true,
             ^
/Users/DavinderKaur/development/WDI_PROJECT_4_API/app/models/user.rb:4: Can't assign to true
  validates :alias, presence: true, uniqueness: true,
                                   ^
/Users/DavinderKaur/development/WDI_PROJECT_4_API/app/models/user.rb:4: Can't assign to true
/Users/DavinderKaur/development/WDI_PROJECT_4_API/app/models/user.rb:5: syntax error, unexpected tSYMBEG, expecting keyword_do or '{' or '('
  validates :sector, presence: true, 
             ^
/Users/DavinderKaur/development/WDI_PROJECT_4_API/app/models/user.rb:5: Can't assign to true
  validates :sector, presence: true, 
                                    ^
/Users/DavinderKaur/development/WDI_PROJECT_4_API/app/models/user.rb:6: syntax error, unexpected tSYMBEG, expecting keyword_do or '{' or '('
  validates :city, presence: true
             ^):
  
app/models/user.rb:4: syntax error, unexpected tSYMBEG, expecting keyword_do or '{' or '('
app/models/user.rb:4: Can't assign to true
app/models/user.rb:4: Can't assign to true
app/models/user.rb:5: syntax error, unexpected tSYMBEG, expecting keyword_do or '{' or '('
app/models/user.rb:5: Can't assign to true
app/models/user.rb:6: syntax error, unexpected tSYMBEG, expecting keyword_do or '{' or '('
app/controllers/authentications_controller.rb:15:in `login'
Started POST "/register" for 127.0.0.1 at 2017-02-20 10:37:06 +0000
Started POST "/register" for 127.0.0.1 at 2017-02-20 10:37:16 +0000
Error occurred while parsing request parameters.
Contents:

{
	"email": "kenny@kenny.com",
	"password": "password",
	"password_confirmation": "password",
}
  
ActionDispatch::ParamsParser::ParseError (822: unexpected token at '{
	"email": "kenny@kenny.com",
	"password": "password",
	"password_confirmation": "password",
}'):
  
actionpack (5.0.1) lib/action_dispatch/http/parameters.rb:78:in `rescue in parse_formatted_parameters'
actionpack (5.0.1) lib/action_dispatch/http/parameters.rb:72:in `parse_formatted_parameters'
actionpack (5.0.1) lib/action_dispatch/http/request.rb:354:in `block in POST'
rack (2.0.1) lib/rack/request.rb:57:in `fetch'
rack (2.0.1) lib/rack/request.rb:57:in `fetch_header'
actionpack (5.0.1) lib/action_dispatch/http/request.rb:353:in `POST'
actionpack (5.0.1) lib/action_controller/metal/params_wrapper.rb:282:in `_wrapper_enabled?'
actionpack (5.0.1) lib/action_controller/metal/params_wrapper.rb:231:in `process_action'
activerecord (5.0.1) lib/active_record/railties/controller_runtime.rb:18:in `process_action'
actionpack (5.0.1) lib/abstract_controller/base.rb:126:in `process'
actionpack (5.0.1) lib/action_controller/metal.rb:190:in `dispatch'
actionpack (5.0.1) lib/action_controller/metal.rb:262:in `dispatch'
actionpack (5.0.1) lib/action_dispatch/routing/route_set.rb:50:in `dispatch'
actionpack (5.0.1) lib/action_dispatch/routing/route_set.rb:32:in `serve'
actionpack (5.0.1) lib/action_dispatch/journey/router.rb:39:in `block in serve'
actionpack (5.0.1) lib/action_dispatch/journey/router.rb:26:in `each'
actionpack (5.0.1) lib/action_dispatch/journey/router.rb:26:in `serve'
actionpack (5.0.1) lib/action_dispatch/routing/route_set.rb:725:in `call'
rack (2.0.1) lib/rack/etag.rb:25:in `call'
rack (2.0.1) lib/rack/conditional_get.rb:38:in `call'
rack (2.0.1) lib/rack/head.rb:12:in `call'
activerecord (5.0.1) lib/active_record/migration.rb:553:in `call'
actionpack (5.0.1) lib/action_dispatch/middleware/callbacks.rb:38:in `block in call'
activesupport (5.0.1) lib/active_support/callbacks.rb:97:in `__run_callbacks__'
activesupport (5.0.1) lib/active_support/callbacks.rb:750:in `_run_call_callbacks'
activesupport (5.0.1) lib/active_support/callbacks.rb:90:in `run_callbacks'
actionpack (5.0.1) lib/action_dispatch/middleware/callbacks.rb:36:in `call'
actionpack (5.0.1) lib/action_dispatch/middleware/executor.rb:12:in `call'
actionpack (5.0.1) lib/action_dispatch/middleware/remote_ip.rb:79:in `call'
actionpack (5.0.1) lib/action_dispatch/middleware/debug_exceptions.rb:49:in `call'
actionpack (5.0.1) lib/action_dispatch/middleware/show_exceptions.rb:31:in `call'
railties (5.0.1) lib/rails/rack/logger.rb:36:in `call_app'
railties (5.0.1) lib/rails/rack/logger.rb:24:in `block in call'
activesupport (5.0.1) lib/active_support/tagged_logging.rb:69:in `block in tagged'
activesupport (5.0.1) lib/active_support/tagged_logging.rb:26:in `tagged'
activesupport (5.0.1) lib/active_support/tagged_logging.rb:69:in `tagged'
railties (5.0.1) lib/rails/rack/logger.rb:24:in `call'
actionpack (5.0.1) lib/action_dispatch/middleware/request_id.rb:24:in `call'
rack (2.0.1) lib/rack/runtime.rb:22:in `call'
activesupport (5.0.1) lib/active_support/cache/strategy/local_cache_middleware.rb:28:in `call'
actionpack (5.0.1) lib/action_dispatch/middleware/executor.rb:12:in `call'
actionpack (5.0.1) lib/action_dispatch/middleware/static.rb:136:in `call'
rack (2.0.1) lib/rack/sendfile.rb:111:in `call'
rack-cors (0.4.1) lib/rack/cors.rb:81:in `call'
railties (5.0.1) lib/rails/engine.rb:522:in `call'
puma (3.7.0) lib/puma/configuration.rb:226:in `call'
puma (3.7.0) lib/puma/server.rb:578:in `handle_request'
puma (3.7.0) lib/puma/server.rb:415:in `process_client'
puma (3.7.0) lib/puma/server.rb:275:in `block in run'
puma (3.7.0) lib/puma/thread_pool.rb:120:in `block in spawn_thread'
Processing by AuthenticationsController#register as */*
  Parameters: {"email"=>"kenny@kenny.com", "password"=>"[FILTERED]", "password_confirmation"=>"[FILTERED]", "authentication"=>{"email"=>"kenny@kenny.com", "password"=>"[FILTERED]", "password_confirmation"=>"[FILTERED]"}}
Completed 500 Internal Server Error in 2ms (ActiveRecord: 0.0ms)


  
SyntaxError (/Users/DavinderKaur/development/WDI_PROJECT_4_API/app/models/user.rb:8: syntax error, unexpected keyword_end):
  
app/models/user.rb:8: syntax error, unexpected keyword_end
app/controllers/authentications_controller.rb:5:in `register'
Started POST "/register" for 127.0.0.1 at 2017-02-20 10:37:32 +0000
Processing by AuthenticationsController#register as */*
  Parameters: {"email"=>"kenny@kenny.com", "password"=>"[FILTERED]", "password_confirmation"=>"[FILTERED]", "authentication"=>{"email"=>"kenny@kenny.com", "password"=>"[FILTERED]", "password_confirmation"=>"[FILTERED]"}}
DEPRECATION WARNING: Method to_hash is deprecated and will be removed in Rails 5.1, as `ActionController::Parameters` no longer inherits from hash. Using this deprecated behavior exposes potential security problems. If you continue to use this method you may be creating a security vulnerability in your app that can be exploited. Instead, consider using one of these documented methods which are not deprecated: http://api.rubyonrails.org/v5.0.1/classes/ActionController/Parameters.html (called from merge! at /Users/DavinderKaur/development/WDI_PROJECT_4_API/app/controllers/authentications_controller.rb:27)
  [1m[35m (0.3ms)[0m  [1m[35mBEGIN[0m
  [1m[36mUser Exists (1.0ms)[0m  [1m[34mSELECT  1 AS one FROM "users" WHERE "users"."email" = $1 LIMIT $2[0m  [["email", "kenny@kenny.com"], ["LIMIT", 1]]
  [1m[35mSQL (4.0ms)[0m  [1m[32mINSERT INTO "users" ("email", "password_digest", "created_at", "updated_at") VALUES ($1, $2, $3, $4) RETURNING "id"[0m  [["email", "kenny@kenny.com"], ["password_digest", "$2a$10$3OfeARWCMAwcFIkR0.hRQO7p3IIzcGhQ.W51AezMxVx9OtgKoLQ8."], ["created_at", 2017-02-20 10:37:32 UTC], ["updated_at", 2017-02-20 10:37:32 UTC]]
  [1m[35m (1.4ms)[0m  [1m[35mCOMMIT[0m
[active_model_serializers] Rendered ActiveModel::Serializer::Null with Hash (16.59ms)
Completed 200 OK in 179ms (Views: 27.0ms | ActiveRecord: 12.3ms)


  [1m[35m (0.2ms)[0m  [1m[34mSELECT pg_try_advisory_lock(7381167824530102995);[0m
  [1m[36mActiveRecord::SchemaMigration Load (0.9ms)[0m  [1m[34mSELECT "schema_migrations".* FROM "schema_migrations"[0m
Migrating to CreateMessages (20170220103755)
  [1m[35m (0.2ms)[0m  [1m[35mBEGIN[0m
  [1m[35m (9.1ms)[0m  [1m[35mCREATE TABLE "messages" ("id" serial primary key, "category" character varying, "messageText" text, "sender_id" integer, "receiver_id" integer, "created_at" timestamp NOT NULL, "updated_at" timestamp NOT NULL)[0m
  [1m[35mSQL (0.5ms)[0m  [1m[32mINSERT INTO "schema_migrations" ("version") VALUES ($1) RETURNING "version"[0m  [["version", "20170220103755"]]
  [1m[35m (1.6ms)[0m  [1m[35mCOMMIT[0m
  [1m[36mActiveRecord::InternalMetadata Load (0.4ms)[0m  [1m[34mSELECT  "ar_internal_metadata".* FROM "ar_internal_metadata" WHERE "ar_internal_metadata"."key" = $1 LIMIT $2[0m  [["key", :environment], ["LIMIT", 1]]
  [1m[35m (0.2ms)[0m  [1m[35mBEGIN[0m
  [1m[35m (0.1ms)[0m  [1m[35mCOMMIT[0m
  [1m[35m (0.3ms)[0m  [1m[34mSELECT pg_advisory_unlock(7381167824530102995)[0m
  [1m[36mActiveRecord::SchemaMigration Load (0.3ms)[0m  [1m[34mSELECT "schema_migrations".* FROM "schema_migrations"[0m
  [1m[35m (0.3ms)[0m  [1m[34mSELECT pg_try_advisory_lock(7381167824530102995);[0m
  [1m[36mActiveRecord::SchemaMigration Load (0.6ms)[0m  [1m[34mSELECT "schema_migrations".* FROM "schema_migrations"[0m
Migrating to CreateIssues (20170220105425)
  [1m[35m (0.2ms)[0m  [1m[35mBEGIN[0m
  [1m[35m (11.7ms)[0m  [1m[35mCREATE TABLE "issues" ("id" serial primary key, "title" text, "messages_id" integer[] DEFAULT '{}', "created_at" timestamp NOT NULL, "updated_at" timestamp NOT NULL)[0m
  [1m[35m (4.1ms)[0m  [1m[35mCREATE  INDEX  "index_issues_on_messages_id" ON "issues"  ("messages_id")[0m
  [1m[35mSQL (0.6ms)[0m  [1m[32mINSERT INTO "schema_migrations" ("version") VALUES ($1) RETURNING "version"[0m  [["version", "20170220105425"]]
  [1m[35m (1.5ms)[0m  [1m[35mCOMMIT[0m
  [1m[36mActiveRecord::InternalMetadata Load (0.5ms)[0m  [1m[34mSELECT  "ar_internal_metadata".* FROM "ar_internal_metadata" WHERE "ar_internal_metadata"."key" = $1 LIMIT $2[0m  [["key", :environment], ["LIMIT", 1]]
  [1m[35m (0.3ms)[0m  [1m[35mBEGIN[0m
  [1m[35m (0.2ms)[0m  [1m[35mCOMMIT[0m
  [1m[35m (0.3ms)[0m  [1m[34mSELECT pg_advisory_unlock(7381167824530102995)[0m
  [1m[36mActiveRecord::SchemaMigration Load (0.3ms)[0m  [1m[34mSELECT "schema_migrations".* FROM "schema_migrations"[0m
